# JRE version: Java(TM) SE Runtime Environment (8.0_40-b26) (build 1.8.0_40-b26)
# Java VM: Java HotSpot(TM) 64-Bit Server VM (25.40-b25 mixed mode windows-amd64 compressed oops)
Heap:
 PSYoungGen      total 138752K, used 128741K [0x00000000d5c00000, 0x00000000e3a00000, 0x0000000100000000)
  eden space 131072K, 92% used [0x00000000d5c00000,0x00000000dd23c830,0x00000000ddc00000)
  from space 7680K, 99% used [0x00000000ddc00000,0x00000000de37cf28,0x00000000de380000)
  to   space 9216K, 0% used [0x00000000e3100000,0x00000000e3100000,0x00000000e3a00000)
 ParOldGen       total 51712K, used 8422K [0x0000000081400000, 0x0000000084680000, 0x00000000d5c00000)
  object space 51712K, 16% used [0x0000000081400000,0x0000000081c39970,0x0000000084680000)
 Metaspace       used 32547K, capacity 35228K, committed 35328K, reserved 1079296K
  class space    used 4346K, capacity 4804K, committed 4864K, reserved 1048576K
GC Heap History (10 events):
Event: 2.557 GC heap before
{Heap before GC invocations=4 (full 0):
 PSYoungGen      total 38400K, used 38107K [0x00000000d5c00000, 0x00000000da700000, 0x0000000100000000)
  eden space 33280K, 100% used [0x00000000d5c00000,0x00000000d7c80000,0x00000000d7c80000)
  from space 5120K, 94% used [0x00000000d7c80000,0x00000000d8136cb0,0x00000000d8180000)
  to   space 5120K, 0% used [0x00000000da200000,0x00000000da200000,0x00000000da700000)
 ParOldGen       total 87552K, used 32K [0x0000000081400000, 0x0000000086980000, 0x00000000d5c00000)
  object space 87552K, 0% used [0x0000000081400000,0x0000000081408000,0x0000000086980000)
 Metaspace       used 16780K, capacity 18060K, committed 18304K, reserved 1064960K
  class space    used 2119K, capacity 2376K, committed 2432K, reserved 1048576K
Event: 2.599 GC heap after
Heap after GC invocations=4 (full 0):
 PSYoungGen      total 71680K, used 5116K [0x00000000d5c00000, 0x00000000da700000, 0x0000000100000000)
  eden space 66560K, 0% used [0x00000000d5c00000,0x00000000d5c00000,0x00000000d9d00000)
  from space 5120K, 99% used [0x00000000da200000,0x00000000da6ff358,0x00000000da700000)
  to   space 5120K, 0% used [0x00000000d9d00000,0x00000000d9d00000,0x00000000da200000)
 ParOldGen       total 87552K, used 876K [0x0000000081400000, 0x0000000086980000, 0x00000000d5c00000)
  object space 87552K, 1% used [0x0000000081400000,0x00000000814db040,0x0000000086980000)
 Metaspace       used 16780K, capacity 18060K, committed 18304K, reserved 1064960K
  class space    used 2119K, capacity 2376K, committed 2432K, reserved 1048576K
}
Event: 3.041 GC heap before
{Heap before GC invocations=5 (full 0):
 PSYoungGen      total 71680K, used 50255K [0x00000000d5c00000, 0x00000000da700000, 0x0000000100000000)
  eden space 66560K, 67% used [0x00000000d5c00000,0x00000000d8814a10,0x00000000d9d00000)
  from space 5120K, 99% used [0x00000000da200000,0x00000000da6ff358,0x00000000da700000)
  to   space 5120K, 0% used [0x00000000d9d00000,0x00000000d9d00000,0x00000000da200000)
 ParOldGen       total 87552K, used 876K [0x0000000081400000, 0x0000000086980000, 0x00000000d5c00000)
  object space 87552K, 1% used [0x0000000081400000,0x00000000814db040,0x0000000086980000)
 Metaspace       used 19734K, capacity 21158K, committed 21248K, reserved 1067008K
  class space    used 2492K, capacity 2765K, committed 2816K, reserved 1048576K
Event: 3.053 GC heap after
Heap after GC invocations=5 (full 0):
 PSYoungGen      total 71680K, used 5110K [0x00000000d5c00000, 0x00000000dee00000, 0x0000000100000000)
  eden space 66560K, 0% used [0x00000000d5c00000,0x00000000d5c00000,0x00000000d9d00000)
  from space 5120K, 99% used [0x00000000d9d00000,0x00000000da1fdac0,0x00000000da200000)
  to   space 8192K, 0% used [0x00000000de600000,0x00000000de600000,0x00000000dee00000)
 ParOldGen       total 87552K, used 3048K [0x0000000081400000, 0x0000000086980000, 0x00000000d5c00000)
  object space 87552K, 3% used [0x0000000081400000,0x00000000816fa1f8,0x0000000086980000)
 Metaspace       used 19734K, capacity 21158K, committed 21248K, reserved 1067008K
  class space    used 2492K, capacity 2765K, committed 2816K, reserved 1048576K
}
Event: 3.053 GC heap before
{Heap before GC invocations=6 (full 1):
 PSYoungGen      total 71680K, used 5110K [0x00000000d5c00000, 0x00000000dee00000, 0x0000000100000000)
  eden space 66560K, 0% used [0x00000000d5c00000,0x00000000d5c00000,0x00000000d9d00000)
  from space 5120K, 99% used [0x00000000d9d00000,0x00000000da1fdac0,0x00000000da200000)
  to   space 8192K, 0% used [0x00000000de600000,0x00000000de600000,0x00000000dee00000)
 ParOldGen       total 87552K, used 3048K [0x0000000081400000, 0x0000000086980000, 0x00000000d5c00000)
  object space 87552K, 3% used [0x0000000081400000,0x00000000816fa1f8,0x0000000086980000)
 Metaspace       used 19734K, capacity 21158K, committed 21248K, reserved 1067008K
  class space    used 2492K, capacity 2765K, committed 2816K, reserved 1048576K
Event: 3.095 GC heap after
Heap after GC invocations=6 (full 1):
 PSYoungGen      total 71680K, used 0K [0x00000000d5c00000, 0x00000000dee00000, 0x0000000100000000)
  eden space 66560K, 0% used [0x00000000d5c00000,0x00000000d5c00000,0x00000000d9d00000)
  from space 5120K, 0% used [0x00000000d9d00000,0x00000000d9d00000,0x00000000da200000)
  to   space 8192K, 0% used [0x00000000de600000,0x00000000de600000,0x00000000dee00000)
 ParOldGen       total 51712K, used 7121K [0x0000000081400000, 0x0000000084680000, 0x00000000d5c00000)
  object space 51712K, 13% used [0x0000000081400000,0x0000000081af4600,0x0000000084680000)
 Metaspace       used 19734K, capacity 21158K, committed 21248K, reserved 1067008K
  class space    used 2492K, capacity 2765K, committed 2816K, reserved 1048576K
}
Event: 3.485 GC heap before
{Heap before GC invocations=7 (full 1):
 PSYoungGen      total 71680K, used 66560K [0x00000000d5c00000, 0x00000000dee00000, 0x0000000100000000)
  eden space 66560K, 100% used [0x00000000d5c00000,0x00000000d9d00000,0x00000000d9d00000)
  from space 5120K, 0% used [0x00000000d9d00000,0x00000000d9d00000,0x00000000da200000)
  to   space 8192K, 0% used [0x00000000de600000,0x00000000de600000,0x00000000dee00000)
 ParOldGen       total 51712K, used 7121K [0x0000000081400000, 0x0000000084680000, 0x00000000d5c00000)
  object space 51712K, 13% used [0x0000000081400000,0x0000000081af4600,0x0000000084680000)
 Metaspace       used 23490K, capacity 25056K, committed 25216K, reserved 1071104K
  class space    used 3001K, capacity 3334K, committed 3456K, reserved 1048576K
Event: 3.525 GC heap after
Heap after GC invocations=7 (full 1):
 PSYoungGen      total 123904K, used 4866K [0x00000000d5c00000, 0x00000000deb00000, 0x0000000100000000)
  eden space 118784K, 0% used [0x00000000d5c00000,0x00000000d5c00000,0x00000000dd000000)
  from space 5120K, 95% used [0x00000000de600000,0x00000000deac0b48,0x00000000deb00000)
  to   space 7680K, 0% used [0x00000000ddc00000,0x00000000ddc00000,0x00000000de380000)
 ParOldGen       total 51712K, used 7121K [0x0000000081400000, 0x0000000084680000, 0x00000000d5c00000)
  object space 51712K, 13% used [0x0000000081400000,0x0000000081af4600,0x0000000084680000)
 Metaspace       used 23490K, capacity 25056K, committed 25216K, reserved 1071104K
  class space    used 3001K, capacity 3334K, committed 3456K, reserved 1048576K
}
Event: 5.149 GC heap before
{Heap before GC invocations=8 (full 1):
 PSYoungGen      total 123904K, used 123650K [0x00000000d5c00000, 0x00000000deb00000, 0x0000000100000000)
  eden space 118784K, 100% used [0x00000000d5c00000,0x00000000dd000000,0x00000000dd000000)
  from space 5120K, 95% used [0x00000000de600000,0x00000000deac0b48,0x00000000deb00000)
  to   space 7680K, 0% used [0x00000000ddc00000,0x00000000ddc00000,0x00000000de380000)
 ParOldGen       total 51712K, used 7121K [0x0000000081400000, 0x0000000084680000, 0x00000000d5c00000)
  object space 51712K, 13% used [0x0000000081400000,0x0000000081af4600,0x0000000084680000)
 Metaspace       used 28691K, capacity 31076K, committed 31360K, reserved 1077248K
  class space    used 3734K, capacity 4148K, committed 4224K, reserved 1048576K
Event: 5.188 GC heap after
Heap after GC invocations=8 (full 1):
 PSYoungGen      total 138752K, used 7667K [0x00000000d5c00000, 0x00000000e3a00000, 0x0000000100000000)
  eden space 131072K, 0% used [0x00000000d5c00000,0x00000000d5c00000,0x00000000ddc00000)
  from space 7680K, 99% used [0x00000000ddc00000,0x00000000de37cf28,0x00000000de380000)
  to   space 9216K, 0% used [0x00000000e3100000,0x00000000e3100000,0x00000000e3a00000)
 ParOldGen       total 51712K, used 8422K [0x0000000081400000, 0x0000000084680000, 0x00000000d5c00000)
  object space 51712K, 16% used [0x0000000081400000,0x0000000081c39970,0x0000000084680000)
 Metaspace       used 28691K, capacity 31076K, committed 31360K, reserved 1077248K
  class space    used 3734K, capacity 4148K, committed 4224K, reserved 1048576K
}

