# JRE version: Java(TM) SE Runtime Environment (8.0_40-b26) (build 1.8.0_40-b26)
# Java VM: Java HotSpot(TM) 64-Bit Server VM (25.40-b25 mixed mode windows-amd64 compressed oops)
Heap:
 PSYoungGen      total 108032K, used 90937K [0x00000000d5c00000, 0x00000000dec80000, 0x0000000100000000)
  eden space 101888K, 83% used [0x00000000d5c00000,0x00000000daf00960,0x00000000dbf80000)
  from space 6144K, 96% used [0x00000000de680000,0x00000000dec4dae0,0x00000000dec80000)
  to   space 8192K, 0% used [0x00000000ddc80000,0x00000000ddc80000,0x00000000de480000)
 ParOldGen       total 57344K, used 7545K [0x0000000081400000, 0x0000000084c00000, 0x00000000d5c00000)
  object space 57344K, 13% used [0x0000000081400000,0x0000000081b5e7b0,0x0000000084c00000)
 Metaspace       used 28835K, capacity 30872K, committed 31232K, reserved 1077248K
  class space    used 3857K, capacity 4227K, committed 4352K, reserved 1048576K
GC Heap History (10 events):
Event: 1.213 GC heap before
{Heap before GC invocations=3 (full 0):
 PSYoungGen      total 38400K, used 38368K [0x00000000d5c00000, 0x00000000da700000, 0x0000000100000000)
  eden space 33280K, 100% used [0x00000000d5c00000,0x00000000d7c80000,0x00000000d7c80000)
  from space 5120K, 99% used [0x00000000d8180000,0x00000000d8678300,0x00000000d8680000)
  to   space 5120K, 0% used [0x00000000d7c80000,0x00000000d7c80000,0x00000000d8180000)
 ParOldGen       total 87552K, used 80K [0x0000000081400000, 0x0000000086980000, 0x00000000d5c00000)
  object space 87552K, 0% used [0x0000000081400000,0x0000000081414000,0x0000000086980000)
 Metaspace       used 15981K, capacity 16630K, committed 16896K, reserved 1064960K
  class space    used 2051K, capacity 2231K, committed 2304K, reserved 1048576K
Event: 1.218 GC heap after
Heap after GC invocations=3 (full 0):
 PSYoungGen      total 38400K, used 5116K [0x00000000d5c00000, 0x00000000da700000, 0x0000000100000000)
  eden space 33280K, 0% used [0x00000000d5c00000,0x00000000d5c00000,0x00000000d7c80000)
  from space 5120K, 99% used [0x00000000d7c80000,0x00000000d817f368,0x00000000d8180000)
  to   space 5120K, 0% used [0x00000000da200000,0x00000000da200000,0x00000000da700000)
 ParOldGen       total 87552K, used 562K [0x0000000081400000, 0x0000000086980000, 0x00000000d5c00000)
  object space 87552K, 0% used [0x0000000081400000,0x000000008148ca70,0x0000000086980000)
 Metaspace       used 15981K, capacity 16630K, committed 16896K, reserved 1064960K
  class space    used 2051K, capacity 2231K, committed 2304K, reserved 1048576K
}
Event: 1.335 GC heap before
{Heap before GC invocations=4 (full 0):
 PSYoungGen      total 38400K, used 38396K [0x00000000d5c00000, 0x00000000da700000, 0x0000000100000000)
  eden space 33280K, 100% used [0x00000000d5c00000,0x00000000d7c80000,0x00000000d7c80000)
  from space 5120K, 99% used [0x00000000d7c80000,0x00000000d817f368,0x00000000d8180000)
  to   space 5120K, 0% used [0x00000000da200000,0x00000000da200000,0x00000000da700000)
 ParOldGen       total 87552K, used 562K [0x0000000081400000, 0x0000000086980000, 0x00000000d5c00000)
  object space 87552K, 0% used [0x0000000081400000,0x000000008148ca70,0x0000000086980000)
 Metaspace       used 18076K, capacity 18788K, committed 18944K, reserved 1064960K
  class space    used 2324K, capacity 2498K, committed 2560K, reserved 1048576K
Event: 1.342 GC heap after
Heap after GC invocations=4 (full 0):
 PSYoungGen      total 71680K, used 5106K [0x00000000d5c00000, 0x00000000da700000, 0x0000000100000000)
  eden space 66560K, 0% used [0x00000000d5c00000,0x00000000d5c00000,0x00000000d9d00000)
  from space 5120K, 99% used [0x00000000da200000,0x00000000da6fcb40,0x00000000da700000)
  to   space 5120K, 0% used [0x00000000d9d00000,0x00000000d9d00000,0x00000000da200000)
 ParOldGen       total 87552K, used 1651K [0x0000000081400000, 0x0000000086980000, 0x00000000d5c00000)
  object space 87552K, 1% used [0x0000000081400000,0x000000008159cd30,0x0000000086980000)
 Metaspace       used 18076K, capacity 18788K, committed 18944K, reserved 1064960K
  class space    used 2324K, capacity 2498K, committed 2560K, reserved 1048576K
}
Event: 1.654 GC heap before
{Heap before GC invocations=5 (full 0):
 PSYoungGen      total 71680K, used 50461K [0x00000000d5c00000, 0x00000000da700000, 0x0000000100000000)
  eden space 66560K, 68% used [0x00000000d5c00000,0x00000000d884a950,0x00000000d9d00000)
  from space 5120K, 99% used [0x00000000da200000,0x00000000da6fcb40,0x00000000da700000)
  to   space 5120K, 0% used [0x00000000d9d00000,0x00000000d9d00000,0x00000000da200000)
 ParOldGen       total 87552K, used 1651K [0x0000000081400000, 0x0000000086980000, 0x00000000d5c00000)
  object space 87552K, 1% used [0x0000000081400000,0x000000008159cd30,0x0000000086980000)
 Metaspace       used 20274K, capacity 21264K, committed 21296K, reserved 1067008K
  class space    used 2664K, capacity 2912K, committed 2944K, reserved 1048576K
Event: 1.663 GC heap after
Heap after GC invocations=5 (full 0):
 PSYoungGen      total 71680K, used 5093K [0x00000000d5c00000, 0x00000000def00000, 0x0000000100000000)
  eden space 66560K, 0% used [0x00000000d5c00000,0x00000000d5c00000,0x00000000d9d00000)
  from space 5120K, 99% used [0x00000000d9d00000,0x00000000da1f97c0,0x00000000da200000)
  to   space 8704K, 0% used [0x00000000de680000,0x00000000de680000,0x00000000def00000)
 ParOldGen       total 87552K, used 4223K [0x0000000081400000, 0x0000000086980000, 0x00000000d5c00000)
  object space 87552K, 4% used [0x0000000081400000,0x000000008181fc50,0x0000000086980000)
 Metaspace       used 20274K, capacity 21264K, committed 21296K, reserved 1067008K
  class space    used 2664K, capacity 2912K, committed 2944K, reserved 1048576K
}
Event: 1.663 GC heap before
{Heap before GC invocations=6 (full 1):
 PSYoungGen      total 71680K, used 5093K [0x00000000d5c00000, 0x00000000def00000, 0x0000000100000000)
  eden space 66560K, 0% used [0x00000000d5c00000,0x00000000d5c00000,0x00000000d9d00000)
  from space 5120K, 99% used [0x00000000d9d00000,0x00000000da1f97c0,0x00000000da200000)
  to   space 8704K, 0% used [0x00000000de680000,0x00000000de680000,0x00000000def00000)
 ParOldGen       total 87552K, used 4223K [0x0000000081400000, 0x0000000086980000, 0x00000000d5c00000)
  object space 87552K, 4% used [0x0000000081400000,0x000000008181fc50,0x0000000086980000)
 Metaspace       used 20274K, capacity 21264K, committed 21296K, reserved 1067008K
  class space    used 2664K, capacity 2912K, committed 2944K, reserved 1048576K
Event: 1.694 GC heap after
Heap after GC invocations=6 (full 1):
 PSYoungGen      total 71680K, used 0K [0x00000000d5c00000, 0x00000000def00000, 0x0000000100000000)
  eden space 66560K, 0% used [0x00000000d5c00000,0x00000000d5c00000,0x00000000d9d00000)
  from space 5120K, 0% used [0x00000000d9d00000,0x00000000d9d00000,0x00000000da200000)
  to   space 8704K, 0% used [0x00000000de680000,0x00000000de680000,0x00000000def00000)
 ParOldGen       total 57344K, used 7537K [0x0000000081400000, 0x0000000084c00000, 0x00000000d5c00000)
  object space 57344K, 13% used [0x0000000081400000,0x0000000081b5c7b0,0x0000000084c00000)
 Metaspace       used 20274K, capacity 21264K, committed 21296K, reserved 1067008K
  class space    used 2664K, capacity 2912K, committed 2944K, reserved 1048576K
}
Event: 3.540 GC heap before
{Heap before GC invocations=7 (full 1):
 PSYoungGen      total 71680K, used 66560K [0x00000000d5c00000, 0x00000000def00000, 0x0000000100000000)
  eden space 66560K, 100% used [0x00000000d5c00000,0x00000000d9d00000,0x00000000d9d00000)
  from space 5120K, 0% used [0x00000000d9d00000,0x00000000d9d00000,0x00000000da200000)
  to   space 8704K, 0% used [0x00000000de680000,0x00000000de680000,0x00000000def00000)
 ParOldGen       total 57344K, used 7537K [0x0000000081400000, 0x0000000084c00000, 0x00000000d5c00000)
  object space 57344K, 13% used [0x0000000081400000,0x0000000081b5c7b0,0x0000000084c00000)
 Metaspace       used 24257K, capacity 25754K, committed 25856K, reserved 1071104K
  class space    used 3234K, capacity 3527K, committed 3584K, reserved 1048576K
Event: 3.545 GC heap after
Heap after GC invocations=7 (full 1):
 PSYoungGen      total 108032K, used 5942K [0x00000000d5c00000, 0x00000000dec80000, 0x0000000100000000)
  eden space 101888K, 0% used [0x00000000d5c00000,0x00000000d5c00000,0x00000000dbf80000)
  from space 6144K, 96% used [0x00000000de680000,0x00000000dec4dae0,0x00000000dec80000)
  to   space 8192K, 0% used [0x00000000ddc80000,0x00000000ddc80000,0x00000000de480000)
 ParOldGen       total 57344K, used 7545K [0x0000000081400000, 0x0000000084c00000, 0x00000000d5c00000)
  object space 57344K, 13% used [0x0000000081400000,0x0000000081b5e7b0,0x0000000084c00000)
 Metaspace       used 24257K, capacity 25754K, committed 25856K, reserved 1071104K
  class space    used 3234K, capacity 3527K, committed 3584K, reserved 1048576K
}

